<?xml version="1.0" encoding="UTF-8"?>
<!-- Generated by org.testng.reporters.JUnitReportReporter -->
<testsuite hostname="Brahmotris-MacBook-Pro.local" failures="0" tests="14" name="org.iit.healthcare.betabatch.EditProfileTests" time="0.014" errors="1" timestamp="2024-09-04T22:25:17 CDT" skipped="0">
  <testcase classname="org.iit.healthcare.betabatch.EditProfileTests" name="readPropertyFile" time="0.003"/>
  <system-out/>
  <testcase classname="org.iit.healthcare.betabatch.EditProfileTests" name="validateFirstName" time="0.008">
    <error message="Keys to send should be a not null CharSequence" type="java.lang.IllegalArgumentException">
      <![CDATA[java.lang.IllegalArgumentException: Keys to send should be a not null CharSequence
at org.openqa.selenium.remote.RemoteWebElement.sendKeys(RemoteWebElement.java:97)
at org.iit.mmp.lib.MMPLibrary.login(MMPLibrary.java:22)
at org.iit.healthcare.betabatch.EditProfileTests.login(EditProfileTests.java:17)
at org.iit.healthcare.betabatch.EditProfileTests.validateFirstName(EditProfileTests.java:25)
at java.base/jdk.internal.reflect.DirectMethodHandleAccessor.invoke(DirectMethodHandleAccessor.java:103)
at java.base/java.lang.reflect.Method.invoke(Method.java:580)
at org.testng.internal.MethodInvocationHelper.invokeMethod(MethodInvocationHelper.java:133)
at org.testng.internal.TestInvoker.invokeMethod(TestInvoker.java:598)
at org.testng.internal.TestInvoker.invokeTestMethod(TestInvoker.java:173)
at org.testng.internal.MethodRunner.runInSequence(MethodRunner.java:46)
at org.testng.internal.TestInvoker$MethodInvocationAgent.invoke(TestInvoker.java:824)
at org.testng.internal.TestInvoker.invokeTestMethods(TestInvoker.java:146)
at org.testng.internal.TestMethodWorker.invokeTestMethods(TestMethodWorker.java:146)
at org.testng.internal.TestMethodWorker.run(TestMethodWorker.java:128)
at java.base/java.util.ArrayList.forEach(ArrayList.java:1597)
at org.testng.TestRunner.privateRun(TestRunner.java:794)
at org.testng.TestRunner.run(TestRunner.java:596)
at org.testng.SuiteRunner.runTest(SuiteRunner.java:377)
at org.testng.SuiteRunner.runSequentially(SuiteRunner.java:371)
at org.testng.SuiteRunner.privateRun(SuiteRunner.java:332)
at org.testng.SuiteRunner.run(SuiteRunner.java:276)
at org.testng.SuiteRunnerWorker.runSuite(SuiteRunnerWorker.java:53)
at org.testng.SuiteRunnerWorker.run(SuiteRunnerWorker.java:96)
at org.testng.TestNG.runSuitesSequentially(TestNG.java:1212)
at org.testng.TestNG.runSuitesLocally(TestNG.java:1134)
at org.testng.TestNG.runSuites(TestNG.java:1063)
at org.testng.TestNG.run(TestNG.java:1031)
at org.testng.remote.AbstractRemoteTestNG.run(AbstractRemoteTestNG.java:115)
at org.testng.remote.RemoteTestNG.initAndRun(RemoteTestNG.java:293)
at org.testng.remote.RemoteTestNG.main(RemoteTestNG.java:91)
]]>
    </error>
  </testcase> <!-- validateFirstName -->
  <system-out/>
  <testcase classname="org.iit.healthcare.betabatch.EditProfileTests" name="validateLastNameFunc" time="0.000"/>
  <system-out/>
  <testcase classname="org.iit.healthcare.betabatch.EditProfileTests" name="validateLicenceFunc" time="0.000"/>
  <system-out/>
  <testcase classname="org.iit.healthcare.betabatch.EditProfileTests" name="validateSSNFunc" time="0.000"/>
  <system-out/>
  <testcase classname="org.iit.healthcare.betabatch.EditProfileTests" name="validateAddressFunc" time="0.000"/>
  <system-out/>
  <testcase classname="org.iit.healthcare.betabatch.EditProfileTests" name="validateAgeFunc" time="0.000"/>
  <system-out/>
  <testcase classname="org.iit.healthcare.betabatch.EditProfileTests" name="validateWeightFunc" time="0.001"/>
  <system-out/>
  <testcase classname="org.iit.healthcare.betabatch.EditProfileTests" name="validateHeight" time="0.001"/>
  <system-out/>
  <testcase classname="org.iit.healthcare.betabatch.EditProfileTests" name="validateCity" time="0.000"/>
  <system-out/>
  <testcase classname="org.iit.healthcare.betabatch.EditProfileTests" name="validateState" time="0.000"/>
  <system-out/>
  <testcase classname="org.iit.healthcare.betabatch.EditProfileTests" name="validateZip" time="0.000"/>
  <system-out/>
  <testcase classname="org.iit.healthcare.betabatch.EditProfileTests" name="validateProInfo" time="0.001"/>
  <system-out/>
  <testcase classname="org.iit.healthcare.betabatch.EditProfileTests" name="validateinsinfo" time="0.000"/>
  <system-out/>
</testsuite> <!-- org.iit.healthcare.betabatch.EditProfileTests -->
